build/app/outputs/mapping/release/seeds.txt
com.food.delivery.app.MainActivity
com.food.delivery.app.MainActivity: MainActivity()
...
org.bouncycastle.jcajce.provider.symmetric.IDEA$Mappings: java.lang.String PREFIX
org.bouncycastle.jcajce.provider.symmetric.Shacal2$AlgParamGen: java.security.AlgorithmParameters engineGenerateParameters()
org.bouncycastle.jce.provider.PKIXPolicyNode: java.lang.String toString()
org.bouncycastle.jcajce.provider.symmetric.AES: java.util.Map generalAesAttributes
androidx.appcompat.widget.AppCompatMultiAutoCompleteTextView: void setDropDownBackgroundResource(int)
com.google.android.gms.internal.firebase-auth-api.zziq: int zzg
com.stripe.android.model.SetupIntent$CancellationReason: com.stripe.android.model.SetupIntent$CancellationReason[] values()
org.bouncycastle.jce.provider.PKIXPolicyNode: java.util.Iterator getChildren()
org.bouncycastle.jcajce.provider.asymmetric.DH: DH()
org.bouncycastle.jcajce.provider.asymmetric.rsa.AlgorithmParametersSpi$OAEP: byte[] engineGetEncoded()
com.google.android.material.textfield.TextInputLayout: android.animation.ValueAnimator animator
org.bouncycastle.jcajce.provider.asymmetric.ecgost.KeyAgreementSpi: org.bouncycastle.crypto.agreement.ECVKOAgreement agreement
com.google.firestore.v1.StructuredQuery$Order: int DIRECTION_FIELD_NUMBER
org.bouncycastle.jcajce.provider.asymmetric.rsa.PSSSignatureSpi: void engineSetParameter(java.security.spec.AlgorithmParameterSpec)
org.bouncycastle.jcajce.provider.asymmetric.ec.KeyAgreementSpi$DHUwithSHA512KDF
org.bouncycastle.jcajce.provider.digest.Whirlpool: Whirlpool()
org.bouncycastle.jce.provider.X509CRLEntryObject: java.math.BigInteger getSerialNumber()
org.bouncycastle.jcajce.provider.symmetric.PBEPBKDF2$PBKDF2withSHA3_384
com.google.android.material.internal.CollapsingTextHelper: android.view.View view
com.google.android.material.textfield.TextInputLayout: void setEditText(android.widget.EditText)
org.bouncycastle.jcajce.provider.asymmetric.edec.KeyFactorySpi: int specificBase
com.stripe.android.stripe3ds2.init.ui.StripeLabelCustomization: android.os.Parcelable$Creator CREATOR
org.bouncycastle.jcajce.provider.asymmetric.rsa.AlgorithmParametersSpi
org.bouncycastle.jcajce.provider.asymmetric.ec.BCECPrivateKey: BCECPrivateKey(java.lang.String,org.bouncycastle.crypto.params.ECPrivateKeyParameters,org.bouncycastle.jcajce.provider.config.ProviderConfiguration)
org.bouncycastle.jce.provider.JDKDSAPrivateKey: org.bouncycastle.jcajce.provider.asymmetric.util.PKCS12BagAttributeCarrierImpl attrCarrier
org.bouncycastle.jcajce.provider.asymmetric.ecgost.SignatureSpi: boolean engineVerify(byte[])
com.google.android.material.appbar.AppBarLayout$BaseBehavior: AppBarLayout$BaseBehavior()
com.google.protobuf.Writer$FieldOrder: com.google.protobuf.Writer$FieldOrder[] values()
org.bouncycastle.jcajce.provider.config.ProviderConfigurationPermission: ProviderConfigurationPermission(java.lang.String,java.lang.String)
org.bouncycastle.jcajce.provider.asymmetric.util.EC5Util: java.security.spec.ECParameterSpec convertToSpec(org.bouncycastle.asn1.x9.X9ECParameters)
com.google.android.gms.wallet.CardInfo: android.os.Parcelable$Creator CREATOR
org.bouncycastle.jcajce.provider.asymmetric.rsa.RSAUtil: java.lang.String generateKeyFingerprint(java.math.BigInteger)
io.flutter.embedding.engine.FlutterJNI: void invokePlatformMessageEmptyResponseCallback(int)
com.google.firestore.v1.CommitRequest
com.google.android.material.internal.CollapsingTextHelper: void setExpandedBounds(int,int,int,int)
org.bouncycastle.jcajce.provider.symmetric.util.IvAlgorithmParameters: void engineInit(byte[])
org.bouncycastle.jcajce.provider.asymmetric.dsa.BCDSAPrivateKey: int hashCode()
org.bouncycastle.jcajce.provider.asymmetric.ec.BCECPublicKey: org.bouncycastle.crypto.params.ECPublicKeyParameters engineGetKeyParameters()
org.bouncycastle.jcajce.provider.symmetric.util.BaseBlockCipher$BufferedGenericBlockCipher: int getUpdateOutputSize(int)
org.bouncycastle.jcajce.provider.asymmetric.x509.CertificateFactory$ExCertificateException: java.lang.Throwable getCause()