build/app/outputs/mapping/release/mapping.txt
# compiler: R8
# compiler_version: 2.1.62
# min_api: 20
# pg_map_id: 50b872f
# common_typos_disable
...
com.google.common.util.concurrent.GwtFuturesCatchingSpecialization -> c.b.c.f.a.e:
com.google.common.util.concurrent.ListenableFuture -> c.b.c.f.a.f:
    void addListener(java.lang.Runnable,java.util.concurrent.Executor) -> a
com.google.common.util.concurrent.MoreExecutors -> c.b.c.f.a.g:
    java.util.concurrent.Executor directExecutor() -> a
com.google.common.util.concurrent.SettableFuture -> c.b.c.f.a.h:
    boolean setException(java.lang.Throwable) -> A
    com.google.common.util.concurrent.SettableFuture create() -> C
    boolean set(java.lang.Object) -> z
com.google.common.util.concurrent.ThreadFactoryBuilder -> c.b.c.f.a.i:
    java.lang.Integer priority -> c
    java.lang.Thread$UncaughtExceptionHandler uncaughtExceptionHandler -> d
    java.util.concurrent.ThreadFactory backingThreadFactory -> e
    java.lang.String nameFormat -> a
    java.lang.Boolean daemon -> b
    java.lang.String access$000(java.lang.String,java.lang.Object[]) -> a
    java.util.concurrent.ThreadFactory build() -> b
    java.util.concurrent.ThreadFactory doBuild(com.google.common.util.concurrent.ThreadFactoryBuilder) -> c
    java.lang.String format(java.lang.String,java.lang.Object[]) -> d
    com.google.common.util.concurrent.ThreadFactoryBuilder setDaemon(boolean) -> e
    com.google.common.util.concurrent.ThreadFactoryBuilder setNameFormat(java.lang.String) -> f
    com.google.common.util.concurrent.ThreadFactoryBuilder setPriority(int) -> g
com.google.common.util.concurrent.ThreadFactoryBuilder$1 -> c.b.c.f.a.i$a:
    java.util.concurrent.atomic.AtomicLong val$count -> q
    java.lang.Boolean val$daemon -> x
    java.util.concurrent.ThreadFactory val$backingThreadFactory -> c
    java.lang.Integer val$priority -> y
    java.lang.Thread$UncaughtExceptionHandler val$uncaughtExceptionHandler -> O1
    java.lang.String val$nameFormat -> d
com.google.common.util.concurrent.Uninterruptibles -> c.b.c.f.a.j:
    java.lang.Object getUninterruptibly(java.util.concurrent.Future) -> a
com.google.common.util.concurrent.internal.InternalFutureFailureAccess -> c.b.c.f.a.k.a:
    java.lang.Throwable tryInternalFastPathGetFailure() -> b
com.google.common.util.concurrent.internal.InternalFutures -> c.b.c.f.a.k.b:
    java.lang.Throwable tryInternalFastPathGetFailure(com.google.common.util.concurrent.internal.InternalFutureFailureAccess) -> a
com.google.firebase.-$$Lambda$FirebaseApp$9ws5O6gd5EXcjP128HrkgXg52EE -> com.google.firebase.a:
    android.content.Context f$1 -> b
    com.google.firebase.FirebaseApp f$0 -> a
com.google.firebase.-$$Lambda$FirebaseCommonRegistrar$4z_FoKjSmKejlSwMYYMZeC7LsMo -> com.google.firebase.b:
    com.google.firebase.-$$Lambda$FirebaseCommonRegistrar$4z_FoKjSmKejlSwMYYMZeC7LsMo INSTANCE -> a
    java.lang.String extract(java.lang.Object) -> a
com.google.firebase.-$$Lambda$FirebaseCommonRegistrar$5K-XEd3fUx19CnAZSAZ0M1s9qGg -> com.google.firebase.c:
    com.google.firebase.-$$Lambda$FirebaseCommonRegistrar$5K-XEd3fUx19CnAZSAZ0M1s9qGg INSTANCE -> a
    java.lang.String extract(java.lang.Object) -> a
com.google.firebase.-$$Lambda$FirebaseCommonRegistrar$lmqwsm474glUdjxQuX0286DJQr0 -> com.google.firebase.d:
    com.google.firebase.-$$Lambda$FirebaseCommonRegistrar$lmqwsm474glUdjxQuX0286DJQr0 INSTANCE -> a
    java.lang.String extract(java.lang.Object) -> a
com.google.firebase.-$$Lambda$FirebaseCommonRegistrar$sUt18gVyvEV5RL6q8HJBhUltbQU -> com.google.firebase.e:
    com.google.firebase.-$$Lambda$FirebaseCommonRegistrar$sUt18gVyvEV5RL6q8HJBhUltbQU INSTANCE -> a
    java.lang.String extract(java.lang.Object) -> a
com.google.firebase.DataCollectionDefaultChange -> com.google.firebase.f:
com.google.firebase.FirebaseApiNotAvailableException -> com.google.firebase.g: