build/app/outputs/mapping/release/usage.txt
com.food.delivery.app.R$mipmap
com.food.delivery.app.R$string
com.food.delivery.app.R$xml
com.food.delivery.app.R
com.food.delivery.app.R$animator
com.food.delivery.app.R$dimen
com.food.delivery.app.R$interpolator
com.food.delivery.app.R$layout
com.food.delivery.app.R$menu
com.food.delivery.app.R$bool
com.food.delivery.app.R$integer
com.food.delivery.app.BuildConfig
com.food.delivery.app.R$attr
com.food.delivery.app.R$drawable
com.food.delivery.app.R$color
com.food.delivery.app.R$style
com.food.delivery.app.R$id
com.food.delivery.app.R$anim
com.food.delivery.app.R$styleable
...
io.grpc.ForwardingClientCallListener
com.google.common.base.Joiner$3
kotlin.comparisons.ComparisonsKt__ComparisonsKt$thenByDescending$2
androidx.versionedparcelable.ParcelImpl:
    public void <init>(androidx.versionedparcelable.VersionedParcelable)
    public androidx.versionedparcelable.VersionedParcelable getVersionedParcel()
com.google.protobuf.ExtensionRegistryLite$ExtensionClassHolder
org.bouncycastle.pqc.jcajce.provider.xmss.XMSSSignatureSpi$withSha256
org.bouncycastle.crypto.util.PrivateKeyFactory
com.google.common.util.concurrent.CombinedFuture
com.google.firebase.database.collection.R$styleable
com.google.common.collect.ConcurrentHashMultiset$EntrySet
kotlin.coroutines.jvm.internal.ModuleNameRetriever$Cache
com.stripe.android.model.PaymentIntent$Error$Builder:
    public synthetic bridge java.lang.Object build()
com.stripe.android.model.Address:
    public static com.stripe.android.model.Address fromString(java.lang.String)
    private static final java.lang.String FIELD_CITY
    private static final java.lang.String FIELD_COUNTRY
    private static final java.lang.String FIELD_LINE_1
    private static final java.lang.String FIELD_LINE_2
    private static final java.lang.String FIELD_POSTAL_CODE
    private static final java.lang.String FIELD_STATE
com.google.firebase.firestore.local.MemoryBundleCache:
    public com.google.firebase.firestore.bundle.BundleMetadata getBundleMetadata(java.lang.String)
    public void saveBundleMetadata(com.google.firebase.firestore.bundle.BundleMetadata)
    public com.google.firebase.firestore.bundle.NamedQuery getNamedQuery(java.lang.String)
    public void saveNamedQuery(com.google.firebase.firestore.bundle.NamedQuery)
com.gettipsi.stripe.util.Action
com.google.firebase.appcheck.interop.R$attr
com.google.rpc.Code
com.google.common.cache.ForwardingCache$SimpleForwardingCache
com.squareup.okhttp.internal.framed.Hpack
io.grpc.InternalChannelz$Security:
    public void <init>(io.grpc.InternalChannelz$OtherSecurity)
com.google.api.LogDescriptor
org.bouncycastle.pqc.crypto.qtesla.QTESLA
org.bouncycastle.asn1.cmp.Challenge
com.google.rpc.RetryInfo
org.intellij.lang.annotations.JdkConstants$ListSelectionMode
org.bouncycastle.pqc.crypto.newhope.NTT
com.google.android.gms.maps.StreetViewPanorama$OnStreetViewPanoramaCameraChangeListener
com.google.firebase.firestore.local.SQLiteBundleCache:
    private synthetic com.google.firebase.firestore.bundle.NamedQuery lambda$getNamedQuery$1(java.lang.String,android.database.Cursor)
    private static synthetic com.google.firebase.firestore.bundle.BundleMetadata lambda$getBundleMetadata$0(java.lang.String,android.database.Cursor)
    public com.google.firebase.firestore.bundle.BundleMetadata getBundleMetadata(java.lang.String)
    public void saveBundleMetadata(com.google.firebase.firestore.bundle.BundleMetadata)
    public com.google.firebase.firestore.bundle.NamedQuery getNamedQuery(java.lang.String)
    public void saveNamedQuery(com.google.firebase.firestore.bundle.NamedQuery)
io.flutter.plugins.firebase.firestore.R$color
androidx.media.VolumeProviderCompatApi21$Delegate
org.bouncycastle.util.io.pem.PemReader
androidx.core.app.DialogCompat
com.google.type.TimeZone
org.bouncycastle.pqc.crypto.mceliece.McEliecePublicKeyParameters:
    public int getK()
androidx.media.R$color